VirtualBox COM Server 5.2.30 r130462 win.amd64 (Aug 12 2019 20:04:12) release log
00:00:00.031000 main     Log opened 2022-05-20T05:49:53.979122300Z
00:00:00.031000 main     Build Type: release
00:00:00.031000 main     OS Product: Windows 10
00:00:00.031000 main     OS Release: 10.0.19043
00:00:00.031000 main     OS Service Pack: 
00:00:00.233017 main     DMI Product Name: VivoBook_ASUSLaptop X509DJ_M509DJ
00:00:00.520037 main     DMI Product Version: 1.0       
00:00:00.520037 main     Host RAM: 6091MB (5.9GB) total, 827MB available
00:00:00.520037 main     Executable: C:\Program Files\ldplayerbox\LdVBoxSVC.exe
00:00:00.520037 main     Process ID: 8312
00:00:00.520037 main     Package type: WINDOWS_64BITS_GENERIC (OSE)
00:00:00.923067          VirtualBox: object creation starts
00:00:00.927067          Home directory: 'C:\Users\ASUS\.Ld2VirtualBox'
00:00:00.927067          Installed Drivers:
00:00:00.945803          USBLibInit: USB Service not found
00:00:01.085325          netIfGetBoundAdapters: could not find either 'oracle_VBoxNetLwf' or 'sun_VBoxNetFlt' components (0x1)
00:00:01.103328          HostDnsMonitor::updateInfo
00:00:01.103328          HostDnsMonitor: old information
00:00:01.103328            no server entries
00:00:01.103328            no domain set
00:00:01.103328            no search string entries
00:00:01.103328          HostDnsMonitor: new information
00:00:01.103328            server 1: 192.168.254.254
00:00:01.103328            no domain set
00:00:01.104328            no search string entries
00:00:01.108326          VD: VDInit finished with VINF_SUCCESS
00:00:01.110326          ERROR [COM]: aRC=E_FAIL (0x80004005) aIID={20190809-495e-5a36-8890-29999b5f030c} aComponent={SystemPropertiesWrap} aText={Cannot determine default Guest Additions ISO location. Most likely they are not available}, preserve=false aResultDetail=0
00:00:01.113326          VirtualBox: object created
00:00:01.130327          ERROR [COM]: aRC=VBOX_E_OBJECT_NOT_FOUND (0x80bb0001) aIID={20190809-f1a1-448a-10c5-e12f5285adad} aComponent={VirtualBoxWrap} aText={Could not find a registered machine with UUID {20160302-aaaa-aaaa-06e3-000000000000}}, preserve=false aResultDetail=0
00:00:08.602154          Loading settings file "C:\LDPlayer\LDPlayer4.0\vms\leidian0\leidian.vbox" with version "1.15-windows"
00:00:08.607156          Saving settings file "C:\Users\ASUS\.Ld2VirtualBox\VirtualBox.xml" with version "1.12-windows"
00:00:08.617157          ERROR [COM]: aRC=VBOX_E_OBJECT_NOT_FOUND (0x80bb0001) aIID={20190809-a71f-4289-281e-0ca7ad48cd89} aComponent={SessionMachine} aText={Could not find a shared folder named 'Applications'}, preserve=false aResultDetail=0
00:00:08.617157          ERROR [COM]: aRC=VBOX_E_OBJECT_NOT_FOUND (0x80bb0001) aIID={20190809-a71f-4289-281e-0ca7ad48cd89} aComponent={SessionMachine} aText={Could not find a shared folder named 'Bug'}, preserve=false aResultDetail=0
00:00:08.618155          ERROR [COM]: aRC=VBOX_E_OBJECT_NOT_FOUND (0x80bb0001) aIID={20190809-a71f-4289-281e-0ca7ad48cd89} aComponent={SessionMachine} aText={Could not find a shared folder named 'Misc'}, preserve=false aResultDetail=0
00:00:08.618155          ERROR [COM]: aRC=VBOX_E_OBJECT_NOT_FOUND (0x80bb0001) aIID={20190809-a71f-4289-281e-0ca7ad48cd89} aComponent={SessionMachine} aText={Could not find a shared folder named 'Pictures'}, preserve=false aResultDetail=0
00:00:08.726165          netIfGetBoundAdapters: could not find either 'oracle_VBoxNetLwf' or 'sun_VBoxNetFlt' components (0x1)
00:00:08.732164          ERROR [COM]: aRC=E_INVALIDARG (0x80070057) aIID={20190809-44cb-e334-66fa-469a17fd09df} aComponent={NATEngineWrap} aText={A NAT rule for this host port and this host IP already exists}, preserve=false aResultDetail=0
00:00:08.733164          ERROR [COM]: aRC=VBOX_E_OBJECT_NOT_FOUND (0x80bb0001) aIID={20190809-a71f-4289-281e-0ca7ad48cd89} aComponent={SessionMachine} aText={No storage device attached to device slot 0 on port 2 of controller 'SATA'}, preserve=false aResultDetail=0
00:00:08.752166          Saving settings file "C:\LDPlayer\LDPlayer4.0\vms\leidian0\leidian.vbox" with version "1.16-windows"
00:00:09.196978          WARNING [COM]: aRC=E_FAIL (0x80004005) aIID={20190809-4477-787d-60b2-3fa70e56fbbc} aComponent={HostWrap} aText={Could not load the Host USB Proxy Service (VERR_FILE_NOT_FOUND). The service might not be installed on the host computer}, preserve=true  aResultDetail=0
00:00:57.187968          Saving settings file "C:\LDPlayer\LDPlayer4.0\vms\leidian0\leidian.vbox" with version "1.16-windows"
00:01:02.525585 main     VirtualBox: object deletion starts
00:01:02.527583 main     ERROR [COM]: aRC=VBOX_E_OBJECT_IN_USE (0x80bb000c) aIID={20190809-43e0-e9d0-82e8-ceb307940dda} aComponent={MediumWrap} aText={Medium 'C:\LDPlayer\LDPlayer4.0\vms\leidian0\system.vmdk' cannot be closed because it is still attached to 1 virtual machines}, preserve=false aResultDetail=0
00:01:02.527583 main     ERROR [COM]: aRC=VBOX_E_OBJECT_IN_USE (0x80bb000c) aIID={20190809-43e0-e9d0-82e8-ceb307940dda} aComponent={MediumWrap} aText={Medium 'C:\LDPlayer\LDPlayer4.0\vms\leidian0\data.vmdk' cannot be closed because it is still attached to 1 virtual machines}, preserve=false aResultDetail=0
00:01:02.527583 main     ERROR [COM]: aRC=VBOX_E_OBJECT_IN_USE (0x80bb000c) aIID={20190809-43e0-e9d0-82e8-ceb307940dda} aComponent={MediumWrap} aText={Medium 'C:\LDPlayer\LDPlayer4.0\vms\leidian0\sdcard.vmdk' cannot be closed because it is still attached to 1 virtual machines}, preserve=false aResultDetail=0
00:01:02.530585 Watcher  ERROR [COM]: aRC=E_ACCESSDENIED (0x80070005) aIID={20190809-f1a1-448a-10c5-e12f5285adad} aComponent={VirtualBoxWrap} aText={The object is not ready}, preserve=false aResultDetail=0
00:01:02.530585 main     VirtualBox: object deleted
